{
"contracts\\ToDoList.sol":{"l":{"16":26,"24":1,"25":1,"30":1,"35":1,"40":1},"path":"C:\\Users\\jokel\\todo-list\\contracts\\ToDoList.sol","s":{"1":26,"2":1,"3":1,"4":1},"b":{},"f":{"1":26,"2":1,"3":1,"4":1,"5":1},"fnMap":{"1":{"name":"addTask","line":15,"loc":{"start":{"line":15,"column":4},"end":{"line":20,"column":4}}},"2":{"name":"readTask","line":23,"loc":{"start":{"line":23,"column":4},"end":{"line":26,"column":4}}},"3":{"name":"updateTask","line":29,"loc":{"start":{"line":29,"column":4},"end":{"line":31,"column":4}}},"4":{"name":"deleteTask","line":34,"loc":{"start":{"line":34,"column":4},"end":{"line":36,"column":4}}},"5":{"name":"getTaskCount","line":39,"loc":{"start":{"line":39,"column":4},"end":{"line":41,"column":4}}}},"statementMap":{"1":{"start":{"line":16,"column":8},"end":{"line":16,"column":389}},"2":{"start":{"line":24,"column":8},"end":{"line":24,"column":57}},"3":{"start":{"line":25,"column":8},"end":{"line":25,"column":19}},"4":{"start":{"line":40,"column":8},"end":{"line":40,"column":39}}},"branchMap":{}}}
